1705186054085	geckodriver	INFO	Listening on 127.0.0.1:52400
1705186054621	mozrunner::runner	INFO	Running command: MOZ_CRASHREPORTER="1" MOZ_CRASHREPORTER_NO_REPORT="1" MOZ_CRASHREPORTER_SHUTDOWN="1" MOZ_NO_REMOTE="1" "/App ... s" "localhost" "-foreground" "-no-remote" "-profile" "/var/folders/s2/j45ssplx5j10njfbfm_8hrtw0000gn/T/rust_mozprofilepOivdZ"
console.warn: services.settings: Ignoring preference override of remote settings server
console.warn: services.settings: Allow by setting MOZ_REMOTE_SETTINGS_DEVTOOLS=1 in the environment
1705186055305	Marionette	INFO	Marionette enabled
console.error: "Warning: unrecognized command line flag" "-remote-allow-hosts"
1705186055904	Marionette	INFO	Listening on port 52406
WebDriver BiDi listening on ws://127.0.0.1:52401
Read port: 52406
1705186056444	RemoteAgent	WARN	TLS certificate errors will be ignored for this session
DevTools listening on ws://127.0.0.1:52401/devtools/browser/da4941f8-03a8-414b-b6cb-3c3b6e63624f
console.warn: LoginRecipes: "Falling back to a synchronous message for: https://automationplayground.com."
console.warn: LoginRecipes: "Falling back to a synchronous message for: https://automationplayground.com."
1705186085343	addons.xpi	ERROR	System addon update list error SyntaxError: XMLHttpRequest.open: 'http://%(server)s/dummy-system-addons.xml' is not a valid URL.
1705275384124	addons.xpi	ERROR	System addon update list error SyntaxError: XMLHttpRequest.open: 'http://%(server)s/dummy-system-addons.xml' is not a valid URL.
1705361783709	addons.xpi	ERROR	System addon update list error SyntaxError: XMLHttpRequest.open: 'http://%(server)s/dummy-system-addons.xml' is not a valid URL.
JavaScript error: resource:///modules/sessionstore/SessionStore.sys.mjs, line 3784: TypeError: this._windows[aWindow.__SSi] is undefined
1705383411236	Marionette	INFO	Stopped listening on port 52406
console.warn: TopSitesFeed: Failed to fetch data from Contile server: NetworkError when attempting to fetch resource.
console.error: "Failed to fetch https://spocs.getpocket.com/user:" "NetworkError when attempting to fetch resource."
